<?xml version="1.0" encoding="utf-8" standalone="no"?>
<test-run id="0" runstate="Runnable" testcasecount="5" result="Failed" total="4" passed="3" failed="1" warnings="0" inconclusive="0" skipped="0" asserts="2" engine-version="3.20.1.0" clr-version="8.0.16" start-time="2025-06-23 09:42:26Z" end-time="2025-06-23 09:43:22Z" duration="55.991166">
  <command-line><![CDATA[C:\Users\chaker\Downloads\NUnit.Console-3.20.1\bin\net8.0\nunit3-console.dll bin\Debug\net8.0\TestRailTesting.dll --where "class == 'TestRailTesting.trc_automated_tests.Test1'"]]></command-line>
  <filter>
    <class>TestRailTesting.trc_automated_tests.Test1</class>
  </filter>
  <test-suite type="Assembly" id="1-1011" name="TestRailTesting.dll" fullname="C:/Users/chaker/source/repos/TestRail/TestRailTesting/bin/Debug/net8.0/TestRailTesting.dll" runstate="Runnable" testcasecount="5" result="Failed" site="Child" start-time="2025-06-23T09:42:26.3824718Z" end-time="2025-06-23T09:43:22.1949281Z" duration="55.812402" total="4" passed="3" failed="1" warnings="0" inconclusive="0" skipped="0" asserts="2">
    <environment framework-version="3.14.0.0" clr-version="8.0.16" os-version="Microsoft Windows 10.0.26100" platform="Win32NT" cwd="C:\Users\chaker\source\repos\TestRail\TestRailTesting" machine-name="DESKTOP-17V9HJ5" user="chaker" user-domain="DESKTOP-17V9HJ5" culture="fr-FR" uiculture="fr-FR" os-architecture="x64" />
    <settings>
      <setting name="DisposeRunners" value="True" />
      <setting name="WorkDirectory" value="C:\Users\chaker\source\repos\TestRail\TestRailTesting" />
      <setting name="NumberOfTestWorkers" value="8" />
    </settings>
    <properties>
      <property name="_PID" value="25988" />
      <property name="_APPDOMAIN" value="nunit3-console" />
    </properties>
    <failure>
      <message><![CDATA[One or more child tests had errors]]></message>
    </failure>
    <test-suite type="TestSuite" id="1-1012" name="TestRailTesting" fullname="TestRailTesting" runstate="Runnable" testcasecount="5" result="Failed" site="Child" start-time="2025-06-23T09:42:26.3876344Z" end-time="2025-06-23T09:43:22.1949217Z" duration="55.807287" total="4" passed="3" failed="1" warnings="0" inconclusive="0" skipped="0" asserts="2">
      <failure>
        <message><![CDATA[One or more child tests had errors]]></message>
      </failure>
      <test-suite type="TestSuite" id="1-1013" name="trc_automated_tests" fullname="TestRailTesting.trc_automated_tests" runstate="Runnable" testcasecount="4" result="Failed" site="Child" start-time="2025-06-23T09:42:26.3878894Z" end-time="2025-06-23T09:43:22.1949143Z" duration="55.807025" total="4" passed="3" failed="1" warnings="0" inconclusive="0" skipped="0" asserts="2">
        <failure>
          <message><![CDATA[One or more child tests had errors]]></message>
        </failure>
        <test-suite type="TestFixture" id="1-1002" name="BstackDemo-Ecommerce funcs" fullname="TestRailTesting.trc_automated_tests.BstackDemo-Ecommerce funcs" classname="TestRailTesting.trc_automated_tests.Test1" runstate="Explicit" testcasecount="4" result="Failed" site="Child" start-time="2025-06-23T09:42:26.3890479Z" end-time="2025-06-23T09:43:22.1948978Z" duration="55.805850" total="4" passed="3" failed="1" warnings="0" inconclusive="0" skipped="0" asserts="2">
          <properties>
            <property name="Author" value="Chaker Ben Said" />
            <property name="Category" value="Automated Testing" />
            <property name="Description" value="create and execute scripting test with selenium and Nunit3 Framework" />
            <property name="_SKIPREASON" value="Repititif tests" />
            <property name="TestOf" value="TestRailTesting.trc_automated_tests.Test1" />
          </properties>
          <failure>
            <message><![CDATA[One or more child tests had errors]]></message>
          </failure>
          <test-suite type="ParameterizedMethod" id="1-1004" name="TestRailDisplayHomeProductPageTest" fullname="TestRailTesting.trc_automated_tests.Test1.TestRailDisplayHomeProductPageTest" classname="TestRailTesting.trc_automated_tests.Test1" runstate="Runnable" testcasecount="1" result="Passed" start-time="2025-06-23T09:42:26.3912586Z" end-time="2025-06-23T09:42:46.6152922Z" duration="20.224035" total="1" passed="1" failed="0" warnings="0" inconclusive="0" skipped="0" asserts="0">
            <test-case id="1-1003" name="TestRailDisplayHomeProductPageTest()" fullname="TestRailTesting.trc_automated_tests.BstackDemo-Ecommerce funcs.TestRailDisplayHomeProductPageTest()" methodname="TestRailDisplayHomeProductPageTest" classname="TestRailTesting.trc_automated_tests.Test1" runstate="Runnable" seed="52281861" result="Passed" start-time="2025-06-23T09:42:26.3914988Z" end-time="2025-06-23T09:42:46.6051261Z" duration="20.213911" asserts="0">
              <properties>
                <property name="Description" value="Bstackdemo - Verify that the Home/Product page is accessible via the specified URL" />
              </properties>
              <reason>
                <message><![CDATA[The Home/Product page loads successfully and displays the product listing.]]></message>
              </reason>
              <output><![CDATA[Selenium webdriver initialization can be done here !
Capabilities parameters chrome : 137.0.7151.120 : WINDOWS
Selenium webdriver quit !
]]></output>
            </test-case>
          </test-suite>
          <test-suite type="ParameterizedMethod" id="1-1010" name="TestRailNavigateFavoritesListEmptyConnectionLoggoutStatus" fullname="TestRailTesting.trc_automated_tests.Test1.TestRailNavigateFavoritesListEmptyConnectionLoggoutStatus" classname="TestRailTesting.trc_automated_tests.Test1" runstate="Runnable" testcasecount="1" result="Failed" site="Child" start-time="2025-06-23T09:42:46.6172830Z" end-time="2025-06-23T09:42:55.1820836Z" duration="8.564800" total="1" passed="0" failed="1" warnings="0" inconclusive="0" skipped="0" asserts="1">
            <failure>
              <message><![CDATA[One or more child tests had errors]]></message>
            </failure>
            <test-case id="1-1009" name="TestRailNavigateFavoritesListEmptyConnectionLoggoutStatus()" fullname="TestRailTesting.trc_automated_tests.BstackDemo-Ecommerce funcs.TestRailNavigateFavoritesListEmptyConnectionLoggoutStatus()" methodname="TestRailNavigateFavoritesListEmptyConnectionLoggoutStatus" classname="TestRailTesting.trc_automated_tests.Test1" runstate="Runnable" seed="1171258340" result="Failed" start-time="2025-06-23T09:42:46.6173540Z" end-time="2025-06-23T09:42:55.1818377Z" duration="8.564484" asserts="1">
              <properties>
                <property name="Description" value="Bstackdemo - User view his favorites depends on this logging status." />
              </properties>
              <failure>
                <message><![CDATA[  Expected string length 37 but was 49. Strings differ at index 27.
  Expected: "https://www.bstackdemo.com/favourites"
  But was:  "https://www.bstackdemo.com/signin?favourites=true"
  --------------------------------------^
]]></message>
                <stack-trace><![CDATA[   at TestRailTesting.trc_automated_tests.Test1.TestRailNavigateFavoritesListEmptyConnectionLoggoutStatus() in C:\Users\chaker\source\repos\TestRail\TestRailTesting\trc_automated_tests\Test1.cs:line 114
]]></stack-trace>
              </failure>
              <output><![CDATA[Selenium webdriver initialization can be done here !
Capabilities parameters chrome : 137.0.7151.120 : WINDOWS
first url applyed : https://www.bstackdemo.com/signin?favourites=true
Selenium webdriver quit !
]]></output>
              <assertions>
                <assertion result="Failed">
                  <message><![CDATA[  Expected string length 37 but was 49. Strings differ at index 27.
  Expected: "https://www.bstackdemo.com/favourites"
  But was:  "https://www.bstackdemo.com/signin?favourites=true"
  --------------------------------------^
]]></message>
                  <stack-trace><![CDATA[   at TestRailTesting.trc_automated_tests.Test1.TestRailNavigateFavoritesListEmptyConnectionLoggoutStatus() in C:\Users\chaker\source\repos\TestRail\TestRailTesting\trc_automated_tests\Test1.cs:line 114
]]></stack-trace>
                </assertion>
              </assertions>
            </test-case>
          </test-suite>
          <test-suite type="ParameterizedMethod" id="1-1008" name="TestRailNumberOfProductsHomePage" fullname="TestRailTesting.trc_automated_tests.Test1.TestRailNumberOfProductsHomePage" classname="TestRailTesting.trc_automated_tests.Test1" runstate="Runnable" testcasecount="1" result="Passed" start-time="2025-06-23T09:42:55.1821197Z" end-time="2025-06-23T09:43:10.5783939Z" duration="15.396274" total="1" passed="1" failed="0" warnings="0" inconclusive="0" skipped="0" asserts="0">
            <test-case id="1-1007" name="TestRailNumberOfProductsHomePage()" fullname="TestRailTesting.trc_automated_tests.BstackDemo-Ecommerce funcs.TestRailNumberOfProductsHomePage()" methodname="TestRailNumberOfProductsHomePage" classname="TestRailTesting.trc_automated_tests.Test1" runstate="Runnable" seed="1138913955" result="Passed" start-time="2025-06-23T09:42:55.1821613Z" end-time="2025-06-23T09:43:10.5783343Z" duration="15.396174" asserts="0">
              <properties>
                <property name="Description" value="Bstackdemo - User view The initial number of products in Text." />
              </properties>
              <reason>
                <message><![CDATA[25 Product(s) found.]]></message>
              </reason>
              <output><![CDATA[Selenium webdriver initialization can be done here !
Capabilities parameters chrome : 137.0.7151.120 : WINDOWS
Selenium webdriver quit !
]]></output>
            </test-case>
          </test-suite>
          <test-suite type="ParameterizedMethod" id="1-1006" name="TestRailVerifyNavigateToSignInPageTest" fullname="TestRailTesting.trc_automated_tests.Test1.TestRailVerifyNavigateToSignInPageTest" classname="TestRailTesting.trc_automated_tests.Test1" runstate="Runnable" testcasecount="1" result="Passed" start-time="2025-06-23T09:43:10.5784258Z" end-time="2025-06-23T09:43:22.1947490Z" duration="11.616324" total="1" passed="1" failed="0" warnings="0" inconclusive="0" skipped="0" asserts="1">
            <test-case id="1-1005" name="TestRailVerifyNavigateToSignInPageTest()" fullname="TestRailTesting.trc_automated_tests.BstackDemo-Ecommerce funcs.TestRailVerifyNavigateToSignInPageTest()" methodname="TestRailVerifyNavigateToSignInPageTest" classname="TestRailTesting.trc_automated_tests.Test1" runstate="Runnable" seed="1392523143" result="Passed" start-time="2025-06-23T09:43:10.5784797Z" end-time="2025-06-23T09:43:22.1946748Z" duration="11.616196" asserts="1">
              <properties>
                <property name="Description" value="Bstackdemo - Verify that the user should navigate to SignIn page when he clicked in SignIn Link" />
              </properties>
              <reason>
                <message><![CDATA[Redirection passed and SignIn page loads successfully and displays all required fields.]]></message>
              </reason>
              <output><![CDATA[Selenium webdriver initialization can be done here !
Capabilities parameters chrome : 137.0.7151.120 : WINDOWS
Selenium webdriver quit !
]]></output>
            </test-case>
          </test-suite>
        </test-suite>
      </test-suite>
    </test-suite>
  </test-suite>
</test-run>